[0.000000] (-) TimerEvent: {}
[0.000229] (sauron) JobQueued: {'identifier': 'sauron', 'dependencies': OrderedDict()}
[0.000262] (tutorial_interfaces) JobQueued: {'identifier': 'tutorial_interfaces', 'dependencies': OrderedDict()}
[0.000275] (py_srvcli) JobQueued: {'identifier': 'py_srvcli', 'dependencies': OrderedDict([('tutorial_interfaces', '/home/harshit/mrt_ws/install/tutorial_interfaces')])}
[0.000290] (week0_tutorials) JobQueued: {'identifier': 'week0_tutorials', 'dependencies': OrderedDict([('tutorial_interfaces', '/home/harshit/mrt_ws/install/tutorial_interfaces')])}
[0.000302] (tutorial_interfaces) JobStarted: {'identifier': 'tutorial_interfaces'}
[0.003892] (sauron) JobStarted: {'identifier': 'sauron'}
[0.008595] (tutorial_interfaces) JobProgress: {'identifier': 'tutorial_interfaces', 'progress': 'cmake'}
[0.009486] (tutorial_interfaces) JobProgress: {'identifier': 'tutorial_interfaces', 'progress': 'build'}
[0.009526] (tutorial_interfaces) Command: {'cmd': ['/usr/bin/cmake', '--build', '/home/harshit/mrt_ws/build/tutorial_interfaces', '--', '-j8', '-l8'], 'cwd': '/home/harshit/mrt_ws/build/tutorial_interfaces', 'env': OrderedDict([('GJS_DEBUG_TOPICS', 'JS ERROR;JS LOG'), ('LESSOPEN', '| /usr/bin/lesspipe %s'), ('LANGUAGE', 'en_IN:en'), ('USER', 'harshit'), ('XDG_SESSION_TYPE', 'x11'), ('GIT_ASKPASS', '/snap/code/172/usr/share/code/resources/app/extensions/git/dist/askpass.sh'), ('GTK_EXE_PREFIX_VSCODE_SNAP_ORIG', ''), ('GDK_BACKEND_VSCODE_SNAP_ORIG', ''), ('SHLVL', '1'), ('LD_LIBRARY_PATH', '/home/harshit/mrt_ws/install/tutorial_interfaces/lib:/opt/ros/humble/opt/rviz_ogre_vendor/lib:/opt/ros/humble/lib/x86_64-linux-gnu:/opt/ros/humble/lib'), ('HOME', '/home/harshit'), ('CHROME_DESKTOP', 'code-url-handler.desktop'), ('LOCPATH_VSCODE_SNAP_ORIG', ''), ('TERM_PROGRAM_VERSION', '1.94.2'), ('DESKTOP_SESSION', 'ubuntu'), ('GTK_IM_MODULE_FILE', '/home/harshit/snap/code/common/.cache/immodules/immodules.cache'), ('GIO_LAUNCHED_DESKTOP_FILE', '/var/lib/snapd/desktop/applications/code_code.desktop'), ('ROS_PYTHON_VERSION', '3'), ('GNOME_SHELL_SESSION_MODE', 'ubuntu'), ('GTK_MODULES', 'gail:atk-bridge'), ('GSETTINGS_SCHEMA_DIR_VSCODE_SNAP_ORIG', ''), ('VSCODE_GIT_ASKPASS_MAIN', '/snap/code/172/usr/share/code/resources/app/extensions/git/dist/askpass-main.js'), ('VSCODE_GIT_ASKPASS_NODE', '/snap/code/172/usr/share/code/code'), ('MANAGERPID', '1424'), ('SYSTEMD_EXEC_PID', '1749'), ('DBUS_SESSION_BUS_ADDRESS', 'unix:path=/run/user/1000/bus'), ('COLORTERM', 'truecolor'), ('GIO_LAUNCHED_DESKTOP_FILE_PID', '59140'), ('COLCON_PREFIX_PATH', '/home/harshit/mrt_ws/install'), ('ROS_DISTRO', 'humble'), ('GTK_IM_MODULE', 'ibus'), ('LOGNAME', 'harshit'), ('JOURNAL_STREAM', '8:11221'), ('_', '/usr/bin/colcon'), ('ROS_VERSION', '2'), ('XDG_CONFIG_DIRS_VSCODE_SNAP_ORIG', '/etc/xdg/xdg-ubuntu:/etc/xdg'), ('XDG_SESSION_CLASS', 'user'), ('XDG_DATA_DIRS_VSCODE_SNAP_ORIG', '/usr/share/ubuntu:/usr/share/gnome:/usr/local/share/:/usr/share/:/var/lib/snapd/desktop'), ('USERNAME', 'harshit'), ('TERM', 'xterm-256color'), ('GNOME_DESKTOP_SESSION_ID', 'this-is-deprecated'), ('ROS_LOCALHOST_ONLY', '1'), ('WINDOWPATH', '2'), ('PATH', '/home/harshit/bin:/home/harshit/bin:/opt/ros/humble/bin:/home/harshit/bin:/home/harshit/bin:/usr/local/sbin:/usr/local/bin:/usr/sbin:/usr/bin:/sbin:/bin:/usr/games:/usr/local/games:/snap/bin:/snap/bin'), ('SESSION_MANAGER', 'local/harshit:@/tmp/.ICE-unix/1722,unix/harshit:/tmp/.ICE-unix/1722'), ('GTK_EXE_PREFIX', '/snap/code/172/usr'), ('INVOCATION_ID', '49fb2723dccf40a3a6675b6cbba0ad18'), ('XDG_MENU_PREFIX', 'gnome-'), ('BAMF_DESKTOP_FILE_HINT', '/var/lib/snapd/desktop/applications/code_code.desktop'), ('XDG_RUNTIME_DIR', '/run/user/1000'), ('GDK_BACKEND', 'x11'), ('DISPLAY', ':1'), ('LOCPATH', '/snap/code/172/usr/lib/locale'), ('LANG', 'en_US.UTF-8'), ('XDG_CURRENT_DESKTOP', 'Unity'), ('GIO_MODULE_DIR_VSCODE_SNAP_ORIG', ''), ('XMODIFIERS', '@im=ibus'), ('XDG_SESSION_DESKTOP', 'ubuntu'), ('XAUTHORITY', '/run/user/1000/gdm/Xauthority'), ('LS_COLORS', 'rs=0:di=01;34:ln=01;36:mh=00:pi=40;33:so=01;35:do=01;35:bd=40;33;01:cd=40;33;01:or=40;31;01:mi=00:su=37;41:sg=30;43:ca=30;41:tw=30;42:ow=34;42:st=37;44:ex=01;32:*.tar=01;31:*.tgz=01;31:*.arc=01;31:*.arj=01;31:*.taz=01;31:*.lha=01;31:*.lz4=01;31:*.lzh=01;31:*.lzma=01;31:*.tlz=01;31:*.txz=01;31:*.tzo=01;31:*.t7z=01;31:*.zip=01;31:*.z=01;31:*.dz=01;31:*.gz=01;31:*.lrz=01;31:*.lz=01;31:*.lzo=01;31:*.xz=01;31:*.zst=01;31:*.tzst=01;31:*.bz2=01;31:*.bz=01;31:*.tbz=01;31:*.tbz2=01;31:*.tz=01;31:*.deb=01;31:*.rpm=01;31:*.jar=01;31:*.war=01;31:*.ear=01;31:*.sar=01;31:*.rar=01;31:*.alz=01;31:*.ace=01;31:*.zoo=01;31:*.cpio=01;31:*.7z=01;31:*.rz=01;31:*.cab=01;31:*.wim=01;31:*.swm=01;31:*.dwm=01;31:*.esd=01;31:*.jpg=01;35:*.jpeg=01;35:*.mjpg=01;35:*.mjpeg=01;35:*.gif=01;35:*.bmp=01;35:*.pbm=01;35:*.pgm=01;35:*.ppm=01;35:*.tga=01;35:*.xbm=01;35:*.xpm=01;35:*.tif=01;35:*.tiff=01;35:*.png=01;35:*.svg=01;35:*.svgz=01;35:*.mng=01;35:*.pcx=01;35:*.mov=01;35:*.mpg=01;35:*.mpeg=01;35:*.m2v=01;35:*.mkv=01;35:*.webm=01;35:*.webp=01;35:*.ogm=01;35:*.mp4=01;35:*.m4v=01;35:*.mp4v=01;35:*.vob=01;35:*.qt=01;35:*.nuv=01;35:*.wmv=01;35:*.asf=01;35:*.rm=01;35:*.rmvb=01;35:*.flc=01;35:*.avi=01;35:*.fli=01;35:*.flv=01;35:*.gl=01;35:*.dl=01;35:*.xcf=01;35:*.xwd=01;35:*.yuv=01;35:*.cgm=01;35:*.emf=01;35:*.ogv=01;35:*.ogx=01;35:*.aac=00;36:*.au=00;36:*.flac=00;36:*.m4a=00;36:*.mid=00;36:*.midi=00;36:*.mka=00;36:*.mp3=00;36:*.mpc=00;36:*.ogg=00;36:*.ra=00;36:*.wav=00;36:*.oga=00;36:*.opus=00;36:*.spx=00;36:*.xspf=00;36:'), ('VSCODE_GIT_IPC_HANDLE', '/run/user/1000/vscode-git-dbd4ef50c1.sock'), ('TERM_PROGRAM', 'vscode'), ('SSH_AGENT_LAUNCHER', 'gnome-keyring'), ('SSH_AUTH_SOCK', '/run/user/1000/keyring/ssh'), ('GSETTINGS_SCHEMA_DIR', '/home/harshit/snap/code/172/.local/share/glib-2.0/schemas'), ('ROS_DOMAIN_ID', '68'), ('AMENT_PREFIX_PATH', '/home/harshit/mrt_ws/install/week0_tutorials:/home/harshit/mrt_ws/install/py_srvcli:/home/harshit/mrt_ws/install/tutorial_interfaces:/home/harshit/mrt_ws/install/sauron:/opt/ros/humble'), ('ORIGINAL_XDG_CURRENT_DESKTOP', 'ubuntu:GNOME'), ('SHELL', '/bin/bash'), ('QT_ACCESSIBILITY', '1'), ('GDMSESSION', 'ubuntu'), ('LESSCLOSE', '/usr/bin/lesspipe %s %s'), ('GTK_PATH_VSCODE_SNAP_ORIG', ''), ('GTK_IM_MODULE_FILE_VSCODE_SNAP_ORIG', ''), ('GPG_AGENT_INFO', '/run/user/1000/gnupg/S.gpg-agent:0:1'), ('GJS_DEBUG_OUTPUT', 'stderr'), ('VSCODE_GIT_ASKPASS_EXTRA_ARGS', ''), ('QT_IM_MODULE', 'ibus'), ('PWD', '/home/harshit/mrt_ws/build/tutorial_interfaces'), ('LC_ALL', 'en_US.UTF-8'), ('XDG_CONFIG_DIRS', '/etc/xdg/xdg-ubuntu:/etc/xdg'), ('XDG_DATA_DIRS', '/home/harshit/snap/code/172/.local/share:/home/harshit/snap/code/172:/snap/code/172/usr/share:/usr/share/ubuntu:/usr/share/gnome:/usr/local/share/:/usr/share/:/var/lib/snapd/desktop'), ('PYTHONPATH', '/home/harshit/mrt_ws/install/week0_tutorials/lib/python3.10/site-packages:/home/harshit/mrt_ws/install/py_srvcli/lib/python3.10/site-packages:/home/harshit/mrt_ws/install/tutorial_interfaces/local/lib/python3.10/dist-packages:/home/harshit/mrt_ws/install/sauron/lib/python3.10/site-packages:/opt/ros/humble/lib/python3.10/site-packages:/opt/ros/humble/local/lib/python3.10/dist-packages'), ('COLCON', '1'), ('CMAKE_PREFIX_PATH', '/home/harshit/mrt_ws/install/tutorial_interfaces:/home/harshit/mrt_ws/install/week0_tutorials:/home/harshit/mrt_ws/install/py_srvcli:/home/harshit/mrt_ws/install/sauron:/opt/ros/humble')]), 'shell': False}
[0.024060] (tutorial_interfaces) StdoutLine: {'line': b'-- Found rosidl_default_generators: 1.2.0 (/opt/ros/humble/share/rosidl_default_generators/cmake)\n'}
[0.024263] (tutorial_interfaces) StdoutLine: {'line': b'-- Found ament_cmake_core: 1.3.10 (/opt/ros/humble/share/ament_cmake_core/cmake)\n'}
[0.099607] (-) TimerEvent: {}
[0.166092] (tutorial_interfaces) StdoutLine: {'line': b'-- Using all available rosidl_typesupport_c: rosidl_typesupport_fastrtps_c;rosidl_typesupport_introspection_c\n'}
[0.168097] (tutorial_interfaces) StdoutLine: {'line': b'-- Found rosidl_adapter: 3.1.5 (/opt/ros/humble/share/rosidl_adapter/cmake)\n'}
[0.193696] (tutorial_interfaces) StdoutLine: {'line': b'-- Using all available rosidl_typesupport_cpp: rosidl_typesupport_fastrtps_cpp;rosidl_typesupport_introspection_cpp\n'}
[0.199702] (-) TimerEvent: {}
[0.212224] (tutorial_interfaces) StdoutLine: {'line': b'-- Found sensor_msgs: 4.2.4 (/opt/ros/humble/share/sensor_msgs/cmake)\n'}
[0.299790] (-) TimerEvent: {}
[0.400049] (-) TimerEvent: {}
[0.423537] (sauron) Command: {'cmd': ['/usr/bin/python3', '-W', 'ignore:setup.py install is deprecated', 'setup.py', 'egg_info', '--egg-base', '../../build/sauron', 'build', '--build-base', '/home/harshit/mrt_ws/build/sauron/build', 'install', '--record', '/home/harshit/mrt_ws/build/sauron/install.log', '--single-version-externally-managed', 'install_data'], 'cwd': '/home/harshit/mrt_ws/src/sauron', 'env': {'GJS_DEBUG_TOPICS': 'JS ERROR;JS LOG', 'LESSOPEN': '| /usr/bin/lesspipe %s', 'LANGUAGE': 'en_IN:en', 'USER': 'harshit', 'XDG_SESSION_TYPE': 'x11', 'GIT_ASKPASS': '/snap/code/172/usr/share/code/resources/app/extensions/git/dist/askpass.sh', 'GTK_EXE_PREFIX_VSCODE_SNAP_ORIG': '', 'GDK_BACKEND_VSCODE_SNAP_ORIG': '', 'SHLVL': '1', 'LD_LIBRARY_PATH': '/home/harshit/mrt_ws/install/tutorial_interfaces/lib:/opt/ros/humble/opt/rviz_ogre_vendor/lib:/opt/ros/humble/lib/x86_64-linux-gnu:/opt/ros/humble/lib', 'HOME': '/home/harshit', 'CHROME_DESKTOP': 'code-url-handler.desktop', 'LOCPATH_VSCODE_SNAP_ORIG': '', 'TERM_PROGRAM_VERSION': '1.94.2', 'DESKTOP_SESSION': 'ubuntu', 'GTK_IM_MODULE_FILE': '/home/harshit/snap/code/common/.cache/immodules/immodules.cache', 'GIO_LAUNCHED_DESKTOP_FILE': '/var/lib/snapd/desktop/applications/code_code.desktop', 'ROS_PYTHON_VERSION': '3', 'GNOME_SHELL_SESSION_MODE': 'ubuntu', 'GTK_MODULES': 'gail:atk-bridge', 'GSETTINGS_SCHEMA_DIR_VSCODE_SNAP_ORIG': '', 'VSCODE_GIT_ASKPASS_MAIN': '/snap/code/172/usr/share/code/resources/app/extensions/git/dist/askpass-main.js', 'VSCODE_GIT_ASKPASS_NODE': '/snap/code/172/usr/share/code/code', 'MANAGERPID': '1424', 'SYSTEMD_EXEC_PID': '1749', 'DBUS_SESSION_BUS_ADDRESS': 'unix:path=/run/user/1000/bus', 'COLORTERM': 'truecolor', 'GIO_LAUNCHED_DESKTOP_FILE_PID': '59140', 'COLCON_PREFIX_PATH': '/home/harshit/mrt_ws/install', 'ROS_DISTRO': 'humble', 'GTK_IM_MODULE': 'ibus', 'LOGNAME': 'harshit', 'JOURNAL_STREAM': '8:11221', '_': '/usr/bin/colcon', 'ROS_VERSION': '2', 'XDG_CONFIG_DIRS_VSCODE_SNAP_ORIG': '/etc/xdg/xdg-ubuntu:/etc/xdg', 'XDG_SESSION_CLASS': 'user', 'XDG_DATA_DIRS_VSCODE_SNAP_ORIG': '/usr/share/ubuntu:/usr/share/gnome:/usr/local/share/:/usr/share/:/var/lib/snapd/desktop', 'USERNAME': 'harshit', 'TERM': 'xterm-256color', 'GNOME_DESKTOP_SESSION_ID': 'this-is-deprecated', 'ROS_LOCALHOST_ONLY': '1', 'WINDOWPATH': '2', 'PATH': '/home/harshit/bin:/home/harshit/bin:/opt/ros/humble/bin:/home/harshit/bin:/home/harshit/bin:/usr/local/sbin:/usr/local/bin:/usr/sbin:/usr/bin:/sbin:/bin:/usr/games:/usr/local/games:/snap/bin:/snap/bin', 'SESSION_MANAGER': 'local/harshit:@/tmp/.ICE-unix/1722,unix/harshit:/tmp/.ICE-unix/1722', 'GTK_EXE_PREFIX': '/snap/code/172/usr', 'INVOCATION_ID': '49fb2723dccf40a3a6675b6cbba0ad18', 'XDG_MENU_PREFIX': 'gnome-', 'BAMF_DESKTOP_FILE_HINT': '/var/lib/snapd/desktop/applications/code_code.desktop', 'XDG_RUNTIME_DIR': '/run/user/1000', 'GDK_BACKEND': 'x11', 'DISPLAY': ':1', 'LOCPATH': '/snap/code/172/usr/lib/locale', 'LANG': 'en_US.UTF-8', 'XDG_CURRENT_DESKTOP': 'Unity', 'GIO_MODULE_DIR_VSCODE_SNAP_ORIG': '', 'XMODIFIERS': '@im=ibus', 'XDG_SESSION_DESKTOP': 'ubuntu', 'XAUTHORITY': '/run/user/1000/gdm/Xauthority', 'LS_COLORS': 'rs=0:di=01;34:ln=01;36:mh=00:pi=40;33:so=01;35:do=01;35:bd=40;33;01:cd=40;33;01:or=40;31;01:mi=00:su=37;41:sg=30;43:ca=30;41:tw=30;42:ow=34;42:st=37;44:ex=01;32:*.tar=01;31:*.tgz=01;31:*.arc=01;31:*.arj=01;31:*.taz=01;31:*.lha=01;31:*.lz4=01;31:*.lzh=01;31:*.lzma=01;31:*.tlz=01;31:*.txz=01;31:*.tzo=01;31:*.t7z=01;31:*.zip=01;31:*.z=01;31:*.dz=01;31:*.gz=01;31:*.lrz=01;31:*.lz=01;31:*.lzo=01;31:*.xz=01;31:*.zst=01;31:*.tzst=01;31:*.bz2=01;31:*.bz=01;31:*.tbz=01;31:*.tbz2=01;31:*.tz=01;31:*.deb=01;31:*.rpm=01;31:*.jar=01;31:*.war=01;31:*.ear=01;31:*.sar=01;31:*.rar=01;31:*.alz=01;31:*.ace=01;31:*.zoo=01;31:*.cpio=01;31:*.7z=01;31:*.rz=01;31:*.cab=01;31:*.wim=01;31:*.swm=01;31:*.dwm=01;31:*.esd=01;31:*.jpg=01;35:*.jpeg=01;35:*.mjpg=01;35:*.mjpeg=01;35:*.gif=01;35:*.bmp=01;35:*.pbm=01;35:*.pgm=01;35:*.ppm=01;35:*.tga=01;35:*.xbm=01;35:*.xpm=01;35:*.tif=01;35:*.tiff=01;35:*.png=01;35:*.svg=01;35:*.svgz=01;35:*.mng=01;35:*.pcx=01;35:*.mov=01;35:*.mpg=01;35:*.mpeg=01;35:*.m2v=01;35:*.mkv=01;35:*.webm=01;35:*.webp=01;35:*.ogm=01;35:*.mp4=01;35:*.m4v=01;35:*.mp4v=01;35:*.vob=01;35:*.qt=01;35:*.nuv=01;35:*.wmv=01;35:*.asf=01;35:*.rm=01;35:*.rmvb=01;35:*.flc=01;35:*.avi=01;35:*.fli=01;35:*.flv=01;35:*.gl=01;35:*.dl=01;35:*.xcf=01;35:*.xwd=01;35:*.yuv=01;35:*.cgm=01;35:*.emf=01;35:*.ogv=01;35:*.ogx=01;35:*.aac=00;36:*.au=00;36:*.flac=00;36:*.m4a=00;36:*.mid=00;36:*.midi=00;36:*.mka=00;36:*.mp3=00;36:*.mpc=00;36:*.ogg=00;36:*.ra=00;36:*.wav=00;36:*.oga=00;36:*.opus=00;36:*.spx=00;36:*.xspf=00;36:', 'VSCODE_GIT_IPC_HANDLE': '/run/user/1000/vscode-git-dbd4ef50c1.sock', 'TERM_PROGRAM': 'vscode', 'SSH_AGENT_LAUNCHER': 'gnome-keyring', 'SSH_AUTH_SOCK': '/run/user/1000/keyring/ssh', 'GSETTINGS_SCHEMA_DIR': '/home/harshit/snap/code/172/.local/share/glib-2.0/schemas', 'ROS_DOMAIN_ID': '68', 'AMENT_PREFIX_PATH': '/home/harshit/mrt_ws/install/week0_tutorials:/home/harshit/mrt_ws/install/py_srvcli:/home/harshit/mrt_ws/install/tutorial_interfaces:/home/harshit/mrt_ws/install/sauron:/opt/ros/humble', 'ORIGINAL_XDG_CURRENT_DESKTOP': 'ubuntu:GNOME', 'SHELL': '/bin/bash', 'QT_ACCESSIBILITY': '1', 'GDMSESSION': 'ubuntu', 'LESSCLOSE': '/usr/bin/lesspipe %s %s', 'GTK_PATH_VSCODE_SNAP_ORIG': '', 'GTK_IM_MODULE_FILE_VSCODE_SNAP_ORIG': '', 'GPG_AGENT_INFO': '/run/user/1000/gnupg/S.gpg-agent:0:1', 'GJS_DEBUG_OUTPUT': 'stderr', 'VSCODE_GIT_ASKPASS_EXTRA_ARGS': '', 'QT_IM_MODULE': 'ibus', 'PWD': '/home/harshit/mrt_ws/build/sauron', 'LC_ALL': 'en_US.UTF-8', 'XDG_CONFIG_DIRS': '/etc/xdg/xdg-ubuntu:/etc/xdg', 'XDG_DATA_DIRS': '/home/harshit/snap/code/172/.local/share:/home/harshit/snap/code/172:/snap/code/172/usr/share:/usr/share/ubuntu:/usr/share/gnome:/usr/local/share/:/usr/share/:/var/lib/snapd/desktop', 'PYTHONPATH': '/home/harshit/mrt_ws/build/sauron/prefix_override:/usr/lib/python3/dist-packages/colcon_core/task/python/colcon_distutils_commands:/home/harshit/mrt_ws/install/sauron/lib/python3.10/site-packages:/home/harshit/mrt_ws/install/week0_tutorials/lib/python3.10/site-packages:/home/harshit/mrt_ws/install/py_srvcli/lib/python3.10/site-packages:/home/harshit/mrt_ws/install/tutorial_interfaces/local/lib/python3.10/dist-packages:/home/harshit/mrt_ws/install/sauron/lib/python3.10/site-packages:/opt/ros/humble/lib/python3.10/site-packages:/opt/ros/humble/local/lib/python3.10/dist-packages', 'COLCON': '1', 'CMAKE_PREFIX_PATH': '/home/harshit/mrt_ws/install/tutorial_interfaces'}, 'shell': False}
[0.452507] (tutorial_interfaces) StderrLine: {'line': b'\x1b[31mCMake Error at /opt/ros/humble/share/rosidl_adapter/cmake/rosidl_adapt_interfaces.cmake:59 (message):\n'}
[0.452743] (tutorial_interfaces) StderrLine: {'line': b'  execute_process(/usr/bin/python3 -m rosidl_adapter --package-name\n'}
[0.452823] (tutorial_interfaces) StderrLine: {'line': b'  tutorial_interfaces --arguments-file\n'}
[0.452882] (tutorial_interfaces) StderrLine: {'line': b'  /home/harshit/mrt_ws/build/tutorial_interfaces/rosidl_adapter__arguments__tutorial_interfaces.json\n'}
[0.452943] (tutorial_interfaces) StderrLine: {'line': b'  --output-dir\n'}
[0.452996] (tutorial_interfaces) StderrLine: {'line': b'  /home/harshit/mrt_ws/build/tutorial_interfaces/rosidl_adapter/tutorial_interfaces\n'}
[0.453053] (tutorial_interfaces) StderrLine: {'line': b'  --output-file\n'}
[0.453109] (tutorial_interfaces) StderrLine: {'line': b'  /home/harshit/mrt_ws/build/tutorial_interfaces/rosidl_adapter/tutorial_interfaces.idls)\n'}
[0.453161] (tutorial_interfaces) StderrLine: {'line': b'  returned error code 1:\n'}
[0.453214] (tutorial_interfaces) StderrLine: {'line': b'\n'}
[0.453269] (tutorial_interfaces) StderrLine: {'line': b"  Error processing 'PointArray[length] bounds' of\n"}
[0.453323] (tutorial_interfaces) StderrLine: {'line': b"  'tutorial_interfaces/ImageBounds': 'the size of array type '<=' must be a\n"}
[0.453383] (tutorial_interfaces) StderrLine: {'line': b"  valid integer value > 0 optionally prefixed with 'PointArray[length]' if it\n"}
[0.453438] (tutorial_interfaces) StderrLine: {'line': b"  is only an upper bound'\n"}
[0.453492] (tutorial_interfaces) StderrLine: {'line': b'\n'}
[0.453542] (tutorial_interfaces) StderrLine: {'line': b'  Traceback (most recent call last):\n'}
[0.453598] (tutorial_interfaces) StderrLine: {'line': b'\n'}
[0.453655] (tutorial_interfaces) StderrLine: {'line': b'    File "/opt/ros/humble/local/lib/python3.10/dist-packages/rosidl_adapter/parser.py", line 268, in __init__\n'}
[0.453704] (tutorial_interfaces) StderrLine: {'line': b'      self.array_size = int(array_size_string)\n'}
[0.453767] (tutorial_interfaces) StderrLine: {'line': b'\n'}
[0.453810] (tutorial_interfaces) StderrLine: {'line': b"  ValueError: invalid literal for int() with base 10: 'length'\n"}
[0.453858] (tutorial_interfaces) StderrLine: {'line': b'\n'}
[0.453905] (tutorial_interfaces) StderrLine: {'line': b'\n'}
[0.453955] (tutorial_interfaces) StderrLine: {'line': b'\n'}
[0.454004] (tutorial_interfaces) StderrLine: {'line': b'  During handling of the above exception, another exception occurred:\n'}
[0.454049] (tutorial_interfaces) StderrLine: {'line': b'\n'}
[0.454099] (tutorial_interfaces) StderrLine: {'line': b'\n'}
[0.454148] (tutorial_interfaces) StderrLine: {'line': b'\n'}
[0.454194] (tutorial_interfaces) StderrLine: {'line': b'  Traceback (most recent call last):\n'}
[0.454243] (tutorial_interfaces) StderrLine: {'line': b'\n'}
[0.454291] (tutorial_interfaces) StderrLine: {'line': b'    File "/usr/lib/python3.10/runpy.py", line 196, in _run_module_as_main\n'}
[0.454345] (tutorial_interfaces) StderrLine: {'line': b'      return _run_code(code, main_globals, None,\n'}
[0.454404] (tutorial_interfaces) StderrLine: {'line': b'    File "/usr/lib/python3.10/runpy.py", line 86, in _run_code\n'}
[0.454459] (tutorial_interfaces) StderrLine: {'line': b'      exec(code, run_globals)\n'}
[0.454514] (tutorial_interfaces) StderrLine: {'line': b'    File "/opt/ros/humble/local/lib/python3.10/dist-packages/rosidl_adapter/__main__.py", line 19, in <module>\n'}
[0.454569] (tutorial_interfaces) StderrLine: {'line': b'      sys.exit(main())\n'}
[0.454633] (tutorial_interfaces) StderrLine: {'line': b'    File "/opt/ros/humble/local/lib/python3.10/dist-packages/rosidl_adapter/main.py", line 53, in main\n'}
[0.454688] (tutorial_interfaces) StderrLine: {'line': b'      abs_idl_file = convert_to_idl(\n'}
[0.454738] (tutorial_interfaces) StderrLine: {'line': b'    File "/opt/ros/humble/local/lib/python3.10/dist-packages/rosidl_adapter/__init__.py", line 19, in convert_to_idl\n'}
[0.454787] (tutorial_interfaces) StderrLine: {'line': b'      return convert_msg_to_idl(\n'}
[0.454835] (tutorial_interfaces) StderrLine: {'line': b'    File "/opt/ros/humble/local/lib/python3.10/dist-packages/rosidl_adapter/msg/__init__.py", line 28, in convert_msg_to_idl\n'}
[0.454889] (tutorial_interfaces) StderrLine: {'line': b'      msg = parse_message_string(package_name, input_file.stem, content)\n'}
[0.454938] (tutorial_interfaces) StderrLine: {'line': b'    File "/opt/ros/humble/local/lib/python3.10/dist-packages/rosidl_adapter/parser.py", line 520, in parse_message_string\n'}
[0.454985] (tutorial_interfaces) StderrLine: {'line': b'      Type(type_string, context_package_name=pkg_name),\n'}
[0.455033] (tutorial_interfaces) StderrLine: {'line': b'    File "/opt/ros/humble/local/lib/python3.10/dist-packages/rosidl_adapter/parser.py", line 270, in __init__\n'}
[0.455078] (tutorial_interfaces) StderrLine: {'line': b'      raise ex\n'}
[0.455126] (tutorial_interfaces) StderrLine: {'line': b'\n'}
[0.455176] (tutorial_interfaces) StderrLine: {'line': b"  TypeError: the size of array type '<=' must be a valid integer value > 0\n"}
[0.455222] (tutorial_interfaces) StderrLine: {'line': b"  optionally prefixed with 'PointArray[length]' if it is only an upper bound\n"}
[0.455270] (tutorial_interfaces) StderrLine: {'line': b'\n'}
[0.455331] (tutorial_interfaces) StderrLine: {'line': b'Call Stack (most recent call first):\n'}
[0.455377] (tutorial_interfaces) StderrLine: {'line': b'  /opt/ros/humble/share/rosidl_cmake/cmake/rosidl_generate_interfaces.cmake:130 (rosidl_adapt_interfaces)\n'}
[0.455424] (tutorial_interfaces) StderrLine: {'line': b'  CMakeLists.txt:7 (rosidl_generate_interfaces)\n'}
[0.455469] (tutorial_interfaces) StderrLine: {'line': b'\n'}
[0.455516] (tutorial_interfaces) StderrLine: {'line': b'\x1b[0m\n'}
[0.455570] (tutorial_interfaces) StdoutLine: {'line': b'-- Configuring incomplete, errors occurred!\n'}
[0.457634] (tutorial_interfaces) StderrLine: {'line': b'gmake: *** [Makefile:1395: cmake_check_build_system] Error 1\n'}
[0.458768] (tutorial_interfaces) CommandEnded: {'returncode': 2}
[0.500133] (-) TimerEvent: {}
[0.535458] (tutorial_interfaces) JobEnded: {'identifier': 'tutorial_interfaces', 'rc': 2}
[0.596752] (sauron) StdoutLine: {'line': b'running egg_info\n'}
[0.597462] (sauron) StdoutLine: {'line': b'writing ../../build/sauron/sauron.egg-info/PKG-INFO\n'}
[0.597619] (sauron) StdoutLine: {'line': b'writing dependency_links to ../../build/sauron/sauron.egg-info/dependency_links.txt\n'}
[0.597721] (sauron) StdoutLine: {'line': b'writing entry points to ../../build/sauron/sauron.egg-info/entry_points.txt\n'}
[0.597814] (sauron) StdoutLine: {'line': b'writing requirements to ../../build/sauron/sauron.egg-info/requires.txt\n'}
[0.597902] (sauron) StdoutLine: {'line': b'writing top-level names to ../../build/sauron/sauron.egg-info/top_level.txt\n'}
[0.599096] (sauron) StdoutLine: {'line': b"reading manifest file '../../build/sauron/sauron.egg-info/SOURCES.txt'\n"}
[0.599629] (sauron) StdoutLine: {'line': b"writing manifest file '../../build/sauron/sauron.egg-info/SOURCES.txt'\n"}
[0.599738] (sauron) StdoutLine: {'line': b'running build\n'}
[0.599807] (sauron) StdoutLine: {'line': b'running build_py\n'}
[0.600047] (sauron) StdoutLine: {'line': b'running install\n'}
[0.600188] (-) TimerEvent: {}
[0.600311] (sauron) StdoutLine: {'line': b'running install_lib\n'}
[0.601403] (sauron) StdoutLine: {'line': b'running install_data\n'}
[0.601507] (sauron) StdoutLine: {'line': b'running install_egg_info\n'}
[0.602990] (sauron) StdoutLine: {'line': b"removing '/home/harshit/mrt_ws/install/sauron/lib/python3.10/site-packages/sauron-0.0.0-py3.10.egg-info' (and everything under it)\n"}
[0.603187] (sauron) StdoutLine: {'line': b'Copying ../../build/sauron/sauron.egg-info to /home/harshit/mrt_ws/install/sauron/lib/python3.10/site-packages/sauron-0.0.0-py3.10.egg-info\n'}
[0.603693] (sauron) StdoutLine: {'line': b'running install_scripts\n'}
[0.619706] (sauron) StdoutLine: {'line': b'Installing publisher1 script to /home/harshit/mrt_ws/install/sauron/lib/sauron\n'}
[0.619905] (sauron) StdoutLine: {'line': b'Installing publisher2 script to /home/harshit/mrt_ws/install/sauron/lib/sauron\n'}
[0.619986] (sauron) StdoutLine: {'line': b'Installing subscriber script to /home/harshit/mrt_ws/install/sauron/lib/sauron\n'}
[0.620172] (sauron) StdoutLine: {'line': b"writing list of installed files to '/home/harshit/mrt_ws/build/sauron/install.log'\n"}
[0.640580] (sauron) JobEnded: {'identifier': 'sauron', 'rc': 'SIGINT'}
[0.641373] (py_srvcli) JobSkipped: {'identifier': 'py_srvcli'}
[0.641407] (week0_tutorials) JobSkipped: {'identifier': 'week0_tutorials'}
[0.641427] (-) EventReactorShutdown: {}
