[0.017s] Invoking command in '/home/harshit/mrt_ws/build/aruco_detection_interfaces': CMAKE_PREFIX_PATH=${CMAKE_PREFIX_PATH}:/home/harshit/mrt_ws/install/week0_tutorials:/home/harshit/mrt_ws/install/sauron:/home/harshit/mrt_ws/install/aruco_detection:/opt/ros/humble /usr/bin/cmake --build /home/harshit/mrt_ws/build/aruco_detection_interfaces -- -j8 -l8
[0.194s] -- Found rosidl_default_generators: 1.2.0 (/opt/ros/humble/share/rosidl_default_generators/cmake)
[0.195s] -- Found ament_cmake_core: 1.3.10 (/opt/ros/humble/share/ament_cmake_core/cmake)
[0.207s] -- Using all available rosidl_typesupport_c: rosidl_typesupport_fastrtps_c;rosidl_typesupport_introspection_c
[0.212s] -- Found rosidl_adapter: 3.1.5 (/opt/ros/humble/share/rosidl_adapter/cmake)
[0.258s] -- Using all available rosidl_typesupport_cpp: rosidl_typesupport_fastrtps_cpp;rosidl_typesupport_introspection_cpp
[0.284s] -- Found sensor_msgs: 4.2.4 (/opt/ros/humble/share/sensor_msgs/cmake)
[0.532s] [31mCMake Error at /opt/ros/humble/share/rosidl_adapter/cmake/rosidl_adapt_interfaces.cmake:59 (message):
[0.532s]   execute_process(/usr/bin/python3 -m rosidl_adapter --package-name
[0.532s]   aruco_detection_interfaces --arguments-file
[0.532s]   /home/harshit/mrt_ws/build/aruco_detection_interfaces/rosidl_adapter__arguments__aruco_detection_interfaces.json
[0.532s]   --output-dir
[0.533s]   /home/harshit/mrt_ws/build/aruco_detection_interfaces/rosidl_adapter/aruco_detection_interfaces
[0.533s]   --output-file
[0.533s]   /home/harshit/mrt_ws/build/aruco_detection_interfaces/rosidl_adapter/aruco_detection_interfaces.idls)
[0.533s]   returned error code 1:
[0.533s] 
[0.533s]   Error with: aruco_detection_interfaces ImageBounds eeee
[0.533s] 
[0.533s]   Traceback (most recent call last):
[0.533s] 
[0.533s]     File "/usr/lib/python3.10/runpy.py", line 196, in _run_module_as_main
[0.533s]       return _run_code(code, main_globals, None,
[0.533s]     File "/usr/lib/python3.10/runpy.py", line 86, in _run_code
[0.533s]       exec(code, run_globals)
[0.533s]     File "/opt/ros/humble/local/lib/python3.10/dist-packages/rosidl_adapter/__main__.py", line 19, in <module>
[0.533s]       sys.exit(main())
[0.533s]     File "/opt/ros/humble/local/lib/python3.10/dist-packages/rosidl_adapter/main.py", line 53, in main
[0.533s]       abs_idl_file = convert_to_idl(
[0.533s]     File "/opt/ros/humble/local/lib/python3.10/dist-packages/rosidl_adapter/__init__.py", line 19, in convert_to_idl
[0.533s]       return convert_msg_to_idl(
[0.533s]     File "/opt/ros/humble/local/lib/python3.10/dist-packages/rosidl_adapter/msg/__init__.py", line 28, in convert_msg_to_idl
[0.533s]       msg = parse_message_string(package_name, input_file.stem, content)
[0.533s]     File "/opt/ros/humble/local/lib/python3.10/dist-packages/rosidl_adapter/parser.py", line 510, in parse_message_string
[0.533s]       raise InvalidFieldDefinition(line)
[0.533s] 
[0.533s]   rosidl_adapter.parser.InvalidFieldDefinition: eeee
[0.533s] 
[0.533s] Call Stack (most recent call first):
[0.533s]   /opt/ros/humble/share/rosidl_cmake/cmake/rosidl_generate_interfaces.cmake:130 (rosidl_adapt_interfaces)
[0.534s]   CMakeLists.txt:7 (rosidl_generate_interfaces)
[0.534s] 
[0.534s] [0m
[0.534s] -- Configuring incomplete, errors occurred!
[0.536s] gmake: *** [Makefile:1395: cmake_check_build_system] Error 1
[0.537s] Invoked command in '/home/harshit/mrt_ws/build/aruco_detection_interfaces' returned '2': CMAKE_PREFIX_PATH=${CMAKE_PREFIX_PATH}:/home/harshit/mrt_ws/install/week0_tutorials:/home/harshit/mrt_ws/install/sauron:/home/harshit/mrt_ws/install/aruco_detection:/opt/ros/humble /usr/bin/cmake --build /home/harshit/mrt_ws/build/aruco_detection_interfaces -- -j8 -l8
